<?xml version="1.0" encoding="UTF-8"?>
<testng-results skipped="0" failed="0" ignored="0" total="2" passed="2">
  <reporter-output>
  </reporter-output>
  <suite name="BDD Test Suite" duration-ms="41812" started-at="2019-10-04T11:19:27Z" finished-at="2019-10-04T11:20:09Z">
    <groups>
    </groups>
    <test name="Regression Test" duration-ms="41812" started-at="2019-10-04T11:19:27Z" finished-at="2019-10-04T11:20:09Z">
      <class name="com.bobbibrown.testrunner.TestRunner">
        <test-method status="PASS" signature="setUpClass()[pri:0, instance:com.bobbibrown.testrunner.TestRunner@13805618]" name="setUpClass" is-config="true" duration-ms="147" started-at="2019-10-04T11:19:27Z" finished-at="2019-10-04T11:19:27Z">
          <reporter-output>
          </reporter-output>
        </test-method> <!-- setUpClass -->
        <test-method status="PASS" signature="scenario(cucumber.api.testng.PickleEventWrapper, cucumber.api.testng.CucumberFeatureWrapper)[pri:0, instance:com.bobbibrown.testrunner.TestRunner@13805618]" name="scenario" duration-ms="41558" started-at="2019-10-04T11:19:27Z" data-provider="features" finished-at="2019-10-04T11:20:09Z">
          <params>
            <param index="0">
              <value>
                <![CDATA["Create New User Account"]]>
              </value>
            </param>
            <param index="1">
              <value>
                <![CDATA["My Account"]]>
              </value>
            </param>
          </params>
          <reporter-output>
          </reporter-output>
        </test-method> <!-- scenario -->
        <test-method status="PASS" signature="scenario(cucumber.api.testng.PickleEventWrapper, cucumber.api.testng.CucumberFeatureWrapper)[pri:0, instance:com.bobbibrown.testrunner.TestRunner@13805618]" name="scenario" duration-ms="41311" started-at="2019-10-04T11:19:27Z" data-provider="features" finished-at="2019-10-04T11:20:09Z">
          <params>
            <param index="0">
              <value>
                <![CDATA["Return User Sign-in"]]>
              </value>
            </param>
            <param index="1">
              <value>
                <![CDATA["My Account"]]>
              </value>
            </param>
          </params>
          <reporter-output>
          </reporter-output>
        </test-method> <!-- scenario -->
        <test-method status="PASS" signature="testDownClass()[pri:0, instance:com.bobbibrown.testrunner.TestRunner@13805618]" name="testDownClass" is-config="true" duration-ms="53" started-at="2019-10-04T11:20:09Z" finished-at="2019-10-04T11:20:09Z">
          <reporter-output>
          </reporter-output>
        </test-method> <!-- testDownClass -->
      </class> <!-- com.bobbibrown.testrunner.TestRunner -->
    </test> <!-- Regression Test -->
  </suite> <!-- BDD Test Suite -->
</testng-results>
